<html>
<head>
<title>TestNG:  Test</title>
<link href="../testng.css" rel="stylesheet" type="text/css" />
<link href="../my-testng.css" rel="stylesheet" type="text/css" />

<style type="text/css">
.log { display: none;} 
.stack-trace { display: none;} 
</style>
<script type="text/javascript">
<!--
function flip(e) {
  current = e.style.display;
  if (current == 'block') {
    e.style.display = 'none';
    return 0;
  }
  else {
    e.style.display = 'block';
    return 1;
  }
}

function toggleBox(szDivId, elem, msg1, msg2)
{
  var res = -1;  if (document.getElementById) {
    res = flip(document.getElementById(szDivId));
  }
  else if (document.all) {
    // this is the way old msie versions work
    res = flip(document.all[szDivId]);
  }
  if(elem) {
    if(res == 0) elem.innerHTML = msg1; else elem.innerHTML = msg2;
  }

}

function toggleAllBoxes() {
  if (document.getElementsByTagName) {
    d = document.getElementsByTagName('div');
    for (i = 0; i < d.length; i++) {
      if (d[i].className == 'log') {
        flip(d[i]);
      }
    }
  }
}

// -->
</script>

</head>
<body>
<h2 align='center'>Test</h2><table border='1' align="center">
<tr>
<td>Tests passed/Failed/Skipped:</td><td>7/2/0</td>
</tr><tr>
<td>Started on:</td><td>Thu Jun 08 15:28:55 IST 2023</td>
</tr>
<tr><td>Total time:</td><td>740 seconds (740576 ms)</td>
</tr><tr>
<td>Included groups:</td><td></td>
</tr><tr>
<td>Excluded groups:</td><td></td>
</tr>
</table><p/>
<small><i>(Hover the method name to see the test class name)</i></small><p/>
<table width='100%' border='1' class='invocation-failed'>
<tr><td colspan='4' align='center'><b>FAILED TESTS</b></td></tr>
<tr><td><b>Test method</b></td>
<td><b>Attribute(s)</b></td>
<td width="30%"><b>Exception</b></td>
<td width="10%"><b>Time (seconds)</b></td>
<td><b>Instance</b></td>
</tr>
<tr>
<td title='testrunner.TestRunner_ProductListPage2.runScenario()'><b>runScenario</b><br>Test class: testrunner.TestRunner_ProductListPage2<br>Test method: Runs Cucumber Scenarios<br>Parameters: "Verify Find a store functionality with invalid details", "Asian Paints Product List page"</td>
<td><div><pre>org.openqa.selenium.ElementClickInterceptedException: element click intercepted: Element &lt;button class=&quot;ctaText baseBtn track-store-locator&quot; type=&quot;submit&quot; data-href=&quot;https://www.asianpaints.com/store-locator.html&quot;&gt;...&lt;/button&gt; is not clickable at point (1197, 531). Other element would receive the click: &lt;span class=&quot;helpButtonLabel&quot; aria-live=&quot;polite&quot; aria-atomic=&quot;true&quot;&gt;...&lt;/span&gt;
  (Session info: chrome=114.0.5735.110)
Build info: version: &apos;4.9.0&apos;, revision: &apos;d7057100a6&apos;
System info: os.name: &apos;Windows 11&apos;, os.arch: &apos;amd64&apos;, os.version: &apos;10.0&apos;, java.version: &apos;17.0.7&apos;
Driver info: org.openqa.selenium.chrome.ChromeDriver
Command: [0b713f9b2d1b0f63c7b82d812024105c, clickElement {id=5D3E71E03DA68D2E9AB3FEF51808F2D0_element_79}]
Capabilities {acceptInsecureCerts: false, browserName: chrome, browserVersion: 114.0.5735.110, chrome: {chromedriverVersion: 113.0.5672.63 (0e1a4471d5ae..., userDataDir: C:\Program Files (x86)\scop...}, goog:chromeOptions: {debuggerAddress: localhost:64174}, networkConnectionEnabled: false, pageLoadStrategy: normal, platformName: WINDOWS, proxy: Proxy(), se:cdp: ws://localhost:64174/devtoo..., se:cdpVersion: 114.0.5735.110, setWindowRect: true, strictFileInteractability: false, timeouts: {implicit: 0, pageLoad: 300000, script: 30000}, unhandledPromptBehavior: dismiss and notify, webauthn:extension:credBlob: true, webauthn:extension:largeBlob: true, webauthn:extension:minPinLength: true, webauthn:extension:prf: true, webauthn:virtualAuthenticators: true}
Element: [[ChromeDriver: chrome on WINDOWS (0b713f9b2d1b0f63c7b82d812024105c)] -&gt; xpath: //button[text()=&apos;Go&apos;]]
Session ID: 0b713f9b2d1b0f63c7b82d812024105c
	at org.openqa.selenium.remote.codec.w3c.W3CHttpResponseCodec.createException(W3CHttpResponseCodec.java:200)
	at org.openqa.selenium.remote.codec.w3c.W3CHttpResponseCodec.decode(W3CHttpResponseCodec.java:133)
	at org.openqa.selenium.remote.codec.w3c.W3CHttpResponseCodec.decode(W3CHttpResponseCodec.java:53)
	at org.openqa.selenium.remote.HttpCommandExecutor.execute(HttpCommandExecutor.java:193)
	at org.openqa.selenium.remote.service.DriverCommandExecutor.invokeExecute(DriverCommandExecutor.java:183)
	at org.openqa.selenium.remote.service.DriverCommandExecutor.execute(DriverCommandExecutor.java:158)
	at org.openqa.selenium.remote.RemoteWebDriver.execute(RemoteWebDriver.java:543)
	at org.openqa.selenium.remote.RemoteWebElement.execute(RemoteWebElement.java:257)
	at org.openqa.selenium.remote.RemoteWebElement.click(RemoteWebElement.java:78)
	at org.openqa.selenium.support.pagefactory.internal.LocatingElementHandler.invoke(LocatingElementHandler.java:52)
	at jdk.proxy2/jdk.proxy2.$Proxy26.click(Unknown Source)
	at com.pages.ProductListPage.goButtonValidation(ProductListPage.java:69)
	at listpage2_stepdefinitions.ProductListPage_stepdefinitions2.user_clicks_on_go_button(ProductListPage_stepdefinitions2.java:102)
	at ?.User clicks on Go button(file:///C:/Users/gannayak/asian/AsianPaints_SearchAndProductListPage_Ganesh/src/test/resources/features/ListPage2.feature:21)
... Removed 8 stack frames</pre></div><a href='#' onClick='toggleBox("stack-trace773165334", this, "Click to show all stack frames", "Click to hide stack frames")'>Click to show all stack frames</a>
<div class='stack-trace' id='stack-trace773165334'><pre>org.openqa.selenium.ElementClickInterceptedException: element click intercepted: Element &lt;button class=&quot;ctaText baseBtn track-store-locator&quot; type=&quot;submit&quot; data-href=&quot;https://www.asianpaints.com/store-locator.html&quot;&gt;...&lt;/button&gt; is not clickable at point (1197, 531). Other element would receive the click: &lt;span class=&quot;helpButtonLabel&quot; aria-live=&quot;polite&quot; aria-atomic=&quot;true&quot;&gt;...&lt;/span&gt;
  (Session info: chrome=114.0.5735.110)
Build info: version: &apos;4.9.0&apos;, revision: &apos;d7057100a6&apos;
System info: os.name: &apos;Windows 11&apos;, os.arch: &apos;amd64&apos;, os.version: &apos;10.0&apos;, java.version: &apos;17.0.7&apos;
Driver info: org.openqa.selenium.chrome.ChromeDriver
Command: [0b713f9b2d1b0f63c7b82d812024105c, clickElement {id=5D3E71E03DA68D2E9AB3FEF51808F2D0_element_79}]
Capabilities {acceptInsecureCerts: false, browserName: chrome, browserVersion: 114.0.5735.110, chrome: {chromedriverVersion: 113.0.5672.63 (0e1a4471d5ae..., userDataDir: C:\Program Files (x86)\scop...}, goog:chromeOptions: {debuggerAddress: localhost:64174}, networkConnectionEnabled: false, pageLoadStrategy: normal, platformName: WINDOWS, proxy: Proxy(), se:cdp: ws://localhost:64174/devtoo..., se:cdpVersion: 114.0.5735.110, setWindowRect: true, strictFileInteractability: false, timeouts: {implicit: 0, pageLoad: 300000, script: 30000}, unhandledPromptBehavior: dismiss and notify, webauthn:extension:credBlob: true, webauthn:extension:largeBlob: true, webauthn:extension:minPinLength: true, webauthn:extension:prf: true, webauthn:virtualAuthenticators: true}
Element: [[ChromeDriver: chrome on WINDOWS (0b713f9b2d1b0f63c7b82d812024105c)] -&gt; xpath: //button[text()=&apos;Go&apos;]]
Session ID: 0b713f9b2d1b0f63c7b82d812024105c
	at java.base/jdk.internal.reflect.NativeConstructorAccessorImpl.newInstance0(Native Method)
	at java.base/jdk.internal.reflect.NativeConstructorAccessorImpl.newInstance(NativeConstructorAccessorImpl.java:77)
	at java.base/jdk.internal.reflect.DelegatingConstructorAccessorImpl.newInstance(DelegatingConstructorAccessorImpl.java:45)
	at java.base/java.lang.reflect.Constructor.newInstanceWithCaller(Constructor.java:499)
	at java.base/java.lang.reflect.Constructor.newInstance(Constructor.java:480)
	at org.openqa.selenium.remote.codec.w3c.W3CHttpResponseCodec.createException(W3CHttpResponseCodec.java:200)
	at org.openqa.selenium.remote.codec.w3c.W3CHttpResponseCodec.decode(W3CHttpResponseCodec.java:133)
	at org.openqa.selenium.remote.codec.w3c.W3CHttpResponseCodec.decode(W3CHttpResponseCodec.java:53)
	at org.openqa.selenium.remote.HttpCommandExecutor.execute(HttpCommandExecutor.java:193)
	at org.openqa.selenium.remote.service.DriverCommandExecutor.invokeExecute(DriverCommandExecutor.java:183)
	at org.openqa.selenium.remote.service.DriverCommandExecutor.execute(DriverCommandExecutor.java:158)
	at org.openqa.selenium.remote.RemoteWebDriver.execute(RemoteWebDriver.java:543)
	at org.openqa.selenium.remote.RemoteWebElement.execute(RemoteWebElement.java:257)
	at org.openqa.selenium.remote.RemoteWebElement.click(RemoteWebElement.java:78)
	at jdk.internal.reflect.GeneratedMethodAccessor44.invoke(Unknown Source)
	at java.base/jdk.internal.reflect.DelegatingMethodAccessorImpl.invoke(DelegatingMethodAccessorImpl.java:43)
	at java.base/java.lang.reflect.Method.invoke(Method.java:568)
	at org.openqa.selenium.support.pagefactory.internal.LocatingElementHandler.invoke(LocatingElementHandler.java:52)
	at jdk.proxy2/jdk.proxy2.$Proxy26.click(Unknown Source)
	at com.pages.ProductListPage.goButtonValidation(ProductListPage.java:69)
	at listpage2_stepdefinitions.ProductListPage_stepdefinitions2.user_clicks_on_go_button(ProductListPage_stepdefinitions2.java:102)
	at ?.User clicks on Go button(file:///C:/Users/gannayak/asian/AsianPaints_SearchAndProductListPage_Ganesh/src/test/resources/features/ListPage2.feature:21)
</pre></div></td>
<td>14</td>
<td>testrunner.TestRunner_ProductListPage2@7205765b</td></tr>
<tr>
<td title='testrunner.TestRunner_ProductListPage2.runScenario()'><b>runScenario</b><br>Test class: testrunner.TestRunner_ProductListPage2<br>Test method: Runs Cucumber Scenarios<br>Parameters: "Verify Find a store functionality with valid details", "Asian Paints Product List page"</td>
<td><div><pre>org.openqa.selenium.ElementClickInterceptedException: element click intercepted: Element &lt;button class=&quot;ctaText baseBtn track-store-locator&quot; type=&quot;submit&quot; data-href=&quot;https://www.asianpaints.com/store-locator.html&quot;&gt;...&lt;/button&gt; is not clickable at point (1197, 531). Other element would receive the click: &lt;span class=&quot;helpButtonLabel&quot; aria-live=&quot;polite&quot; aria-atomic=&quot;true&quot;&gt;...&lt;/span&gt;
  (Session info: chrome=114.0.5735.110)
Build info: version: &apos;4.9.0&apos;, revision: &apos;d7057100a6&apos;
System info: os.name: &apos;Windows 11&apos;, os.arch: &apos;amd64&apos;, os.version: &apos;10.0&apos;, java.version: &apos;17.0.7&apos;
Driver info: org.openqa.selenium.chrome.ChromeDriver
Command: [f78ee3e0b3d958e6d23d288b9375639b, clickElement {id=A2844966655BCDE9DD0CA05477DD0599_element_126}]
Capabilities {acceptInsecureCerts: false, browserName: chrome, browserVersion: 114.0.5735.110, chrome: {chromedriverVersion: 113.0.5672.63 (0e1a4471d5ae..., userDataDir: C:\Program Files (x86)\scop...}, goog:chromeOptions: {debuggerAddress: localhost:64032}, networkConnectionEnabled: false, pageLoadStrategy: normal, platformName: WINDOWS, proxy: Proxy(), se:cdp: ws://localhost:64032/devtoo..., se:cdpVersion: 114.0.5735.110, setWindowRect: true, strictFileInteractability: false, timeouts: {implicit: 0, pageLoad: 300000, script: 30000}, unhandledPromptBehavior: dismiss and notify, webauthn:extension:credBlob: true, webauthn:extension:largeBlob: true, webauthn:extension:minPinLength: true, webauthn:extension:prf: true, webauthn:virtualAuthenticators: true}
Element: [[ChromeDriver: chrome on WINDOWS (f78ee3e0b3d958e6d23d288b9375639b)] -&gt; xpath: //button[text()=&apos;Go&apos;]]
Session ID: f78ee3e0b3d958e6d23d288b9375639b
	at org.openqa.selenium.remote.codec.w3c.W3CHttpResponseCodec.createException(W3CHttpResponseCodec.java:200)
	at org.openqa.selenium.remote.codec.w3c.W3CHttpResponseCodec.decode(W3CHttpResponseCodec.java:133)
	at org.openqa.selenium.remote.codec.w3c.W3CHttpResponseCodec.decode(W3CHttpResponseCodec.java:53)
	at org.openqa.selenium.remote.HttpCommandExecutor.execute(HttpCommandExecutor.java:193)
	at org.openqa.selenium.remote.service.DriverCommandExecutor.invokeExecute(DriverCommandExecutor.java:183)
	at org.openqa.selenium.remote.service.DriverCommandExecutor.execute(DriverCommandExecutor.java:158)
	at org.openqa.selenium.remote.RemoteWebDriver.execute(RemoteWebDriver.java:543)
	at org.openqa.selenium.remote.RemoteWebElement.execute(RemoteWebElement.java:257)
	at org.openqa.selenium.remote.RemoteWebElement.click(RemoteWebElement.java:78)
	at org.openqa.selenium.support.pagefactory.internal.LocatingElementHandler.invoke(LocatingElementHandler.java:52)
	at jdk.proxy2/jdk.proxy2.$Proxy26.click(Unknown Source)
	at com.pages.ProductListPage.goButtonValidation(ProductListPage.java:69)
	at listpage2_stepdefinitions.ProductListPage_stepdefinitions2.user_clicks_on_go_button(ProductListPage_stepdefinitions2.java:102)
	at ?.User clicks on Go button(file:///C:/Users/gannayak/asian/AsianPaints_SearchAndProductListPage_Ganesh/src/test/resources/features/ListPage2.feature:8)
... Removed 8 stack frames</pre></div><a href='#' onClick='toggleBox("stack-trace665829140", this, "Click to show all stack frames", "Click to hide stack frames")'>Click to show all stack frames</a>
<div class='stack-trace' id='stack-trace665829140'><pre>org.openqa.selenium.ElementClickInterceptedException: element click intercepted: Element &lt;button class=&quot;ctaText baseBtn track-store-locator&quot; type=&quot;submit&quot; data-href=&quot;https://www.asianpaints.com/store-locator.html&quot;&gt;...&lt;/button&gt; is not clickable at point (1197, 531). Other element would receive the click: &lt;span class=&quot;helpButtonLabel&quot; aria-live=&quot;polite&quot; aria-atomic=&quot;true&quot;&gt;...&lt;/span&gt;
  (Session info: chrome=114.0.5735.110)
Build info: version: &apos;4.9.0&apos;, revision: &apos;d7057100a6&apos;
System info: os.name: &apos;Windows 11&apos;, os.arch: &apos;amd64&apos;, os.version: &apos;10.0&apos;, java.version: &apos;17.0.7&apos;
Driver info: org.openqa.selenium.chrome.ChromeDriver
Command: [f78ee3e0b3d958e6d23d288b9375639b, clickElement {id=A2844966655BCDE9DD0CA05477DD0599_element_126}]
Capabilities {acceptInsecureCerts: false, browserName: chrome, browserVersion: 114.0.5735.110, chrome: {chromedriverVersion: 113.0.5672.63 (0e1a4471d5ae..., userDataDir: C:\Program Files (x86)\scop...}, goog:chromeOptions: {debuggerAddress: localhost:64032}, networkConnectionEnabled: false, pageLoadStrategy: normal, platformName: WINDOWS, proxy: Proxy(), se:cdp: ws://localhost:64032/devtoo..., se:cdpVersion: 114.0.5735.110, setWindowRect: true, strictFileInteractability: false, timeouts: {implicit: 0, pageLoad: 300000, script: 30000}, unhandledPromptBehavior: dismiss and notify, webauthn:extension:credBlob: true, webauthn:extension:largeBlob: true, webauthn:extension:minPinLength: true, webauthn:extension:prf: true, webauthn:virtualAuthenticators: true}
Element: [[ChromeDriver: chrome on WINDOWS (f78ee3e0b3d958e6d23d288b9375639b)] -&gt; xpath: //button[text()=&apos;Go&apos;]]
Session ID: f78ee3e0b3d958e6d23d288b9375639b
	at java.base/jdk.internal.reflect.NativeConstructorAccessorImpl.newInstance0(Native Method)
	at java.base/jdk.internal.reflect.NativeConstructorAccessorImpl.newInstance(NativeConstructorAccessorImpl.java:77)
	at java.base/jdk.internal.reflect.DelegatingConstructorAccessorImpl.newInstance(DelegatingConstructorAccessorImpl.java:45)
	at java.base/java.lang.reflect.Constructor.newInstanceWithCaller(Constructor.java:499)
	at java.base/java.lang.reflect.Constructor.newInstance(Constructor.java:480)
	at org.openqa.selenium.remote.codec.w3c.W3CHttpResponseCodec.createException(W3CHttpResponseCodec.java:200)
	at org.openqa.selenium.remote.codec.w3c.W3CHttpResponseCodec.decode(W3CHttpResponseCodec.java:133)
	at org.openqa.selenium.remote.codec.w3c.W3CHttpResponseCodec.decode(W3CHttpResponseCodec.java:53)
	at org.openqa.selenium.remote.HttpCommandExecutor.execute(HttpCommandExecutor.java:193)
	at org.openqa.selenium.remote.service.DriverCommandExecutor.invokeExecute(DriverCommandExecutor.java:183)
	at org.openqa.selenium.remote.service.DriverCommandExecutor.execute(DriverCommandExecutor.java:158)
	at org.openqa.selenium.remote.RemoteWebDriver.execute(RemoteWebDriver.java:543)
	at org.openqa.selenium.remote.RemoteWebElement.execute(RemoteWebElement.java:257)
	at org.openqa.selenium.remote.RemoteWebElement.click(RemoteWebElement.java:78)
	at jdk.internal.reflect.GeneratedMethodAccessor44.invoke(Unknown Source)
	at java.base/jdk.internal.reflect.DelegatingMethodAccessorImpl.invoke(DelegatingMethodAccessorImpl.java:43)
	at java.base/java.lang.reflect.Method.invoke(Method.java:568)
	at org.openqa.selenium.support.pagefactory.internal.LocatingElementHandler.invoke(LocatingElementHandler.java:52)
	at jdk.proxy2/jdk.proxy2.$Proxy26.click(Unknown Source)
	at com.pages.ProductListPage.goButtonValidation(ProductListPage.java:69)
	at listpage2_stepdefinitions.ProductListPage_stepdefinitions2.user_clicks_on_go_button(ProductListPage_stepdefinitions2.java:102)
	at ?.User clicks on Go button(file:///C:/Users/gannayak/asian/AsianPaints_SearchAndProductListPage_Ganesh/src/test/resources/features/ListPage2.feature:8)
</pre></div></td>
<td>99</td>
<td>testrunner.TestRunner_ProductListPage2@7205765b</td></tr>
</table><p>
<table width='100%' border='1' class='invocation-passed'>
<tr><td colspan='4' align='center'><b>PASSED TESTS</b></td></tr>
<tr><td><b>Test method</b></td>
<td><b>Attribute(s)</b></td>
<td width="30%"><b>Exception</b></td>
<td width="10%"><b>Time (seconds)</b></td>
<td><b>Instance</b></td>
</tr>
<tr>
<td title='testrunner.TestRunner_ProductListPage2.runScenario()'><b>runScenario</b><br>Test class: testrunner.TestRunner_ProductListPage2<br>Test method: Runs Cucumber Scenarios<br>Parameters: "Verify Find a store functionality with valid details", "Asian Paints Product List page"</td>
<td></td>
<td>106</td>
<td>testrunner.TestRunner_ProductListPage2@7205765b</td></tr>
<tr>
<td title='testrunner.TestRunner_ProductListPage2.runScenario()'><b>runScenario</b><br>Test class: testrunner.TestRunner_ProductListPage2<br>Test method: Runs Cucumber Scenarios<br>Parameters: "Verify Find a store functionality with invalid details", "Asian Paints Product List page"</td>
<td></td>
<td>82</td>
<td>testrunner.TestRunner_ProductListPage2@7205765b</td></tr>
<tr>
<td title='testrunner.TestRunner_ProductListPage_excel.runScenario()'><b>runScenario</b><br>Test class: testrunner.TestRunner_ProductListPage_excel<br>Test method: Runs Cucumber Scenarios<br>Parameters: "Verify Find a store functionality with valid details", "Asian Paints Product List page"</td>
<td></td>
<td>95</td>
<td>testrunner.TestRunner_ProductListPage_excel@47987356</td></tr>
<tr>
<td title='testrunner.TestRunner_ProductListPage_excel.runScenario()'><b>runScenario</b><br>Test class: testrunner.TestRunner_ProductListPage_excel<br>Test method: Runs Cucumber Scenarios<br>Parameters: "Verify Find a store functionality with valid details", "Asian Paints Product List page"</td>
<td></td>
<td>94</td>
<td>testrunner.TestRunner_ProductListPage_excel@47987356</td></tr>
<tr>
<td title='testrunner.TestRunner_ProductListPage1.runScenario()'><b>runScenario</b><br>Test class: testrunner.TestRunner_ProductListPage1<br>Test method: Runs Cucumber Scenarios<br>Parameters: "Validate the Product list page UI", "Asian Paints Product List page"</td>
<td></td>
<td>89</td>
<td>testrunner.TestRunner_ProductListPage1@6da21078</td></tr>
<tr>
<td title='testrunner.TestRunner_ProductListPage1.runScenario()'><b>runScenario</b><br>Test class: testrunner.TestRunner_ProductListPage1<br>Test method: Runs Cucumber Scenarios<br>Parameters: "Validate Filter By field in the Product list page", "Asian Paints Product List page"</td>
<td></td>
<td>82</td>
<td>testrunner.TestRunner_ProductListPage1@6da21078</td></tr>
<tr>
<td title='testrunner.TestRunner_ProductListPage1.runScenario()'><b>runScenario</b><br>Test class: testrunner.TestRunner_ProductListPage1<br>Test method: Runs Cucumber Scenarios<br>Parameters: "Validate User navigates onto the Product list page", "Asian Paints Product List page"</td>
<td></td>
<td>75</td>
<td>testrunner.TestRunner_ProductListPage1@6da21078</td></tr>
</table><p>
</body>
</html>