<?xml version="1.0" encoding="UTF-8"?>
<testng-results ignored="0" total="9" passed="7" failed="2" skipped="0">
  <reporter-output>
  </reporter-output>
  <suite started-at="2023-06-08T15:28:55 IST" name="Suite" finished-at="2023-06-08T15:41:16 IST" duration-ms="740576">
    <groups>
      <group name="cucumber">
        <method signature="AbstractTestNGCucumberTests.runScenario(io.cucumber.testng.PickleWrapper,io.cucumber.testng.FeatureWrapper)[pri:0, instance:testrunner.TestRunner_ProductListPage1@6da21078]" name="runScenario" class="io.cucumber.testng.AbstractTestNGCucumberTests"/>
        <method signature="AbstractTestNGCucumberTests.runScenario(io.cucumber.testng.PickleWrapper,io.cucumber.testng.FeatureWrapper)[pri:0, instance:testrunner.TestRunner_ProductListPage2@7205765b]" name="runScenario" class="io.cucumber.testng.AbstractTestNGCucumberTests"/>
        <method signature="AbstractTestNGCucumberTests.runScenario(io.cucumber.testng.PickleWrapper,io.cucumber.testng.FeatureWrapper)[pri:0, instance:testrunner.TestRunner_ProductListPage_excel@47987356]" name="runScenario" class="io.cucumber.testng.AbstractTestNGCucumberTests"/>
      </group> <!-- cucumber -->
    </groups>
    <test started-at="2023-06-08T15:28:55 IST" name="Test" finished-at="2023-06-08T15:41:16 IST" duration-ms="740576">
      <class name="testrunner.TestRunner_ProductListPage1">
        <test-method is-config="true" signature="setUpClass(org.testng.ITestContext)[pri:0, instance:testrunner.TestRunner_ProductListPage1@6da21078]" started-at="2023-06-08T15:28:55 IST" name="setUpClass" finished-at="2023-06-08T15:28:56 IST" duration-ms="718" status="PASS">
          <params>
            <param index="0">
              <value>
                <![CDATA[org.testng.TestRunner@71eafb64]]>
              </value>
            </param>
          </params>
          <reporter-output>
          </reporter-output>
        </test-method> <!-- setUpClass -->
        <test-method signature="runScenario(io.cucumber.testng.PickleWrapper,io.cucumber.testng.FeatureWrapper)[pri:0, instance:testrunner.TestRunner_ProductListPage1@6da21078]" started-at="2023-06-08T15:28:56 IST" name="runScenario" description="Runs Cucumber Scenarios" data-provider="scenarios" finished-at="2023-06-08T15:30:12 IST" duration-ms="75373" status="PASS">
          <params>
            <param index="0">
              <value>
                <![CDATA["Validate User navigates onto the Product list page"]]>
              </value>
            </param>
            <param index="1">
              <value>
                <![CDATA["Asian Paints Product List page"]]>
              </value>
            </param>
          </params>
          <reporter-output>
          </reporter-output>
        </test-method> <!-- runScenario -->
        <test-method signature="runScenario(io.cucumber.testng.PickleWrapper,io.cucumber.testng.FeatureWrapper)[pri:0, instance:testrunner.TestRunner_ProductListPage1@6da21078]" started-at="2023-06-08T15:30:12 IST" name="runScenario" description="Runs Cucumber Scenarios" data-provider="scenarios" finished-at="2023-06-08T15:31:41 IST" duration-ms="89583" status="PASS">
          <params>
            <param index="0">
              <value>
                <![CDATA["Validate the Product list page UI"]]>
              </value>
            </param>
            <param index="1">
              <value>
                <![CDATA["Asian Paints Product List page"]]>
              </value>
            </param>
          </params>
          <reporter-output>
          </reporter-output>
        </test-method> <!-- runScenario -->
        <test-method signature="runScenario(io.cucumber.testng.PickleWrapper,io.cucumber.testng.FeatureWrapper)[pri:0, instance:testrunner.TestRunner_ProductListPage1@6da21078]" started-at="2023-06-08T15:31:41 IST" name="runScenario" description="Runs Cucumber Scenarios" data-provider="scenarios" finished-at="2023-06-08T15:33:03 IST" duration-ms="82044" status="PASS">
          <params>
            <param index="0">
              <value>
                <![CDATA["Validate Filter By field in the Product list page"]]>
              </value>
            </param>
            <param index="1">
              <value>
                <![CDATA["Asian Paints Product List page"]]>
              </value>
            </param>
          </params>
          <reporter-output>
          </reporter-output>
        </test-method> <!-- runScenario -->
        <test-method is-config="true" signature="tearDownClass()[pri:0, instance:testrunner.TestRunner_ProductListPage1@6da21078]" started-at="2023-06-08T15:33:03 IST" name="tearDownClass" finished-at="2023-06-08T15:33:03 IST" duration-ms="92" status="PASS">
          <reporter-output>
          </reporter-output>
        </test-method> <!-- tearDownClass -->
      </class> <!-- testrunner.TestRunner_ProductListPage1 -->
      <class name="testrunner.TestRunner_ProductListPage2">
        <test-method is-config="true" signature="setUpClass(org.testng.ITestContext)[pri:0, instance:testrunner.TestRunner_ProductListPage2@7205765b]" started-at="2023-06-08T15:33:03 IST" name="setUpClass" finished-at="2023-06-08T15:33:03 IST" duration-ms="40" status="PASS">
          <params>
            <param index="0">
              <value>
                <![CDATA[org.testng.TestRunner@71eafb64]]>
              </value>
            </param>
          </params>
          <reporter-output>
          </reporter-output>
        </test-method> <!-- setUpClass -->
        <test-method signature="runScenario(io.cucumber.testng.PickleWrapper,io.cucumber.testng.FeatureWrapper)[pri:0, instance:testrunner.TestRunner_ProductListPage2@7205765b]" started-at="2023-06-08T15:33:03 IST" name="runScenario" description="Runs Cucumber Scenarios" data-provider="scenarios" finished-at="2023-06-08T15:34:50 IST" duration-ms="106357" status="PASS">
          <params>
            <param index="0">
              <value>
                <![CDATA["Verify Find a store functionality with valid details"]]>
              </value>
            </param>
            <param index="1">
              <value>
                <![CDATA["Asian Paints Product List page"]]>
              </value>
            </param>
          </params>
          <reporter-output>
          </reporter-output>
        </test-method> <!-- runScenario -->
        <test-method signature="runScenario(io.cucumber.testng.PickleWrapper,io.cucumber.testng.FeatureWrapper)[pri:0, instance:testrunner.TestRunner_ProductListPage2@7205765b]" started-at="2023-06-08T15:34:50 IST" name="runScenario" description="Runs Cucumber Scenarios" data-provider="scenarios" finished-at="2023-06-08T15:36:29 IST" duration-ms="99073" status="FAIL">
          <params>
            <param index="0">
              <value>
                <![CDATA["Verify Find a store functionality with valid details"]]>
              </value>
            </param>
            <param index="1">
              <value>
                <![CDATA["Asian Paints Product List page"]]>
              </value>
            </param>
          </params>
          <exception class="org.openqa.selenium.ElementClickInterceptedException">
            <message>
              <![CDATA[element click intercepted: Element <button class="ctaText baseBtn track-store-locator" type="submit" data-href="https://www.asianpaints.com/store-locator.html">...</button> is not clickable at point (1197, 531). Other element would receive the click: <span class="helpButtonLabel" aria-live="polite" aria-atomic="true">...</span>
  (Session info: chrome=114.0.5735.110)
Build info: version: '4.9.0', revision: 'd7057100a6'
System info: os.name: 'Windows 11', os.arch: 'amd64', os.version: '10.0', java.version: '17.0.7'
Driver info: org.openqa.selenium.chrome.ChromeDriver
Command: [f78ee3e0b3d958e6d23d288b9375639b, clickElement {id=A2844966655BCDE9DD0CA05477DD0599_element_126}]
Capabilities {acceptInsecureCerts: false, browserName: chrome, browserVersion: 114.0.5735.110, chrome: {chromedriverVersion: 113.0.5672.63 (0e1a4471d5ae..., userDataDir: C:\Program Files (x86)\scop...}, goog:chromeOptions: {debuggerAddress: localhost:64032}, networkConnectionEnabled: false, pageLoadStrategy: normal, platformName: WINDOWS, proxy: Proxy(), se:cdp: ws://localhost:64032/devtoo..., se:cdpVersion: 114.0.5735.110, setWindowRect: true, strictFileInteractability: false, timeouts: {implicit: 0, pageLoad: 300000, script: 30000}, unhandledPromptBehavior: dismiss and notify, webauthn:extension:credBlob: true, webauthn:extension:largeBlob: true, webauthn:extension:minPinLength: true, webauthn:extension:prf: true, webauthn:virtualAuthenticators: true}
Element: [[ChromeDriver: chrome on WINDOWS (f78ee3e0b3d958e6d23d288b9375639b)] -> xpath: //button[text()='Go']]
Session ID: f78ee3e0b3d958e6d23d288b9375639b]]>
            </message>
            <full-stacktrace>
              <![CDATA[org.openqa.selenium.ElementClickInterceptedException: element click intercepted: Element <button class="ctaText baseBtn track-store-locator" type="submit" data-href="https://www.asianpaints.com/store-locator.html">...</button> is not clickable at point (1197, 531). Other element would receive the click: <span class="helpButtonLabel" aria-live="polite" aria-atomic="true">...</span>
  (Session info: chrome=114.0.5735.110)
Build info: version: '4.9.0', revision: 'd7057100a6'
System info: os.name: 'Windows 11', os.arch: 'amd64', os.version: '10.0', java.version: '17.0.7'
Driver info: org.openqa.selenium.chrome.ChromeDriver
Command: [f78ee3e0b3d958e6d23d288b9375639b, clickElement {id=A2844966655BCDE9DD0CA05477DD0599_element_126}]
Capabilities {acceptInsecureCerts: false, browserName: chrome, browserVersion: 114.0.5735.110, chrome: {chromedriverVersion: 113.0.5672.63 (0e1a4471d5ae..., userDataDir: C:\Program Files (x86)\scop...}, goog:chromeOptions: {debuggerAddress: localhost:64032}, networkConnectionEnabled: false, pageLoadStrategy: normal, platformName: WINDOWS, proxy: Proxy(), se:cdp: ws://localhost:64032/devtoo..., se:cdpVersion: 114.0.5735.110, setWindowRect: true, strictFileInteractability: false, timeouts: {implicit: 0, pageLoad: 300000, script: 30000}, unhandledPromptBehavior: dismiss and notify, webauthn:extension:credBlob: true, webauthn:extension:largeBlob: true, webauthn:extension:minPinLength: true, webauthn:extension:prf: true, webauthn:virtualAuthenticators: true}
Element: [[ChromeDriver: chrome on WINDOWS (f78ee3e0b3d958e6d23d288b9375639b)] -> xpath: //button[text()='Go']]
Session ID: f78ee3e0b3d958e6d23d288b9375639b
at java.base/jdk.internal.reflect.NativeConstructorAccessorImpl.newInstance0(Native Method)
at java.base/jdk.internal.reflect.NativeConstructorAccessorImpl.newInstance(NativeConstructorAccessorImpl.java:77)
at java.base/jdk.internal.reflect.DelegatingConstructorAccessorImpl.newInstance(DelegatingConstructorAccessorImpl.java:45)
at java.base/java.lang.reflect.Constructor.newInstanceWithCaller(Constructor.java:499)
at java.base/java.lang.reflect.Constructor.newInstance(Constructor.java:480)
at org.openqa.selenium.remote.codec.w3c.W3CHttpResponseCodec.createException(W3CHttpResponseCodec.java:200)
at org.openqa.selenium.remote.codec.w3c.W3CHttpResponseCodec.decode(W3CHttpResponseCodec.java:133)
at org.openqa.selenium.remote.codec.w3c.W3CHttpResponseCodec.decode(W3CHttpResponseCodec.java:53)
at org.openqa.selenium.remote.HttpCommandExecutor.execute(HttpCommandExecutor.java:193)
at org.openqa.selenium.remote.service.DriverCommandExecutor.invokeExecute(DriverCommandExecutor.java:183)
at org.openqa.selenium.remote.service.DriverCommandExecutor.execute(DriverCommandExecutor.java:158)
at org.openqa.selenium.remote.RemoteWebDriver.execute(RemoteWebDriver.java:543)
at org.openqa.selenium.remote.RemoteWebElement.execute(RemoteWebElement.java:257)
at org.openqa.selenium.remote.RemoteWebElement.click(RemoteWebElement.java:78)
at jdk.internal.reflect.GeneratedMethodAccessor44.invoke(Unknown Source)
at java.base/jdk.internal.reflect.DelegatingMethodAccessorImpl.invoke(DelegatingMethodAccessorImpl.java:43)
at java.base/java.lang.reflect.Method.invoke(Method.java:568)
at org.openqa.selenium.support.pagefactory.internal.LocatingElementHandler.invoke(LocatingElementHandler.java:52)
at jdk.proxy2/jdk.proxy2.$Proxy26.click(Unknown Source)
at com.pages.ProductListPage.goButtonValidation(ProductListPage.java:69)
at listpage2_stepdefinitions.ProductListPage_stepdefinitions2.user_clicks_on_go_button(ProductListPage_stepdefinitions2.java:102)
at ✽.User clicks on Go button(file:///C:/Users/gannayak/asian/AsianPaints_SearchAndProductListPage_Ganesh/src/test/resources/features/ListPage2.feature:8)
]]>
            </full-stacktrace>
          </exception> <!-- org.openqa.selenium.ElementClickInterceptedException -->
          <reporter-output>
          </reporter-output>
        </test-method> <!-- runScenario -->
        <test-method signature="runScenario(io.cucumber.testng.PickleWrapper,io.cucumber.testng.FeatureWrapper)[pri:0, instance:testrunner.TestRunner_ProductListPage2@7205765b]" started-at="2023-06-08T15:36:29 IST" name="runScenario" description="Runs Cucumber Scenarios" data-provider="scenarios" finished-at="2023-06-08T15:37:52 IST" duration-ms="82973" status="PASS">
          <params>
            <param index="0">
              <value>
                <![CDATA["Verify Find a store functionality with invalid details"]]>
              </value>
            </param>
            <param index="1">
              <value>
                <![CDATA["Asian Paints Product List page"]]>
              </value>
            </param>
          </params>
          <reporter-output>
          </reporter-output>
        </test-method> <!-- runScenario -->
        <test-method signature="runScenario(io.cucumber.testng.PickleWrapper,io.cucumber.testng.FeatureWrapper)[pri:0, instance:testrunner.TestRunner_ProductListPage2@7205765b]" started-at="2023-06-08T15:37:52 IST" name="runScenario" description="Runs Cucumber Scenarios" data-provider="scenarios" finished-at="2023-06-08T15:38:06 IST" duration-ms="14697" status="FAIL">
          <params>
            <param index="0">
              <value>
                <![CDATA["Verify Find a store functionality with invalid details"]]>
              </value>
            </param>
            <param index="1">
              <value>
                <![CDATA["Asian Paints Product List page"]]>
              </value>
            </param>
          </params>
          <exception class="org.openqa.selenium.ElementClickInterceptedException">
            <message>
              <![CDATA[element click intercepted: Element <button class="ctaText baseBtn track-store-locator" type="submit" data-href="https://www.asianpaints.com/store-locator.html">...</button> is not clickable at point (1197, 531). Other element would receive the click: <span class="helpButtonLabel" aria-live="polite" aria-atomic="true">...</span>
  (Session info: chrome=114.0.5735.110)
Build info: version: '4.9.0', revision: 'd7057100a6'
System info: os.name: 'Windows 11', os.arch: 'amd64', os.version: '10.0', java.version: '17.0.7'
Driver info: org.openqa.selenium.chrome.ChromeDriver
Command: [0b713f9b2d1b0f63c7b82d812024105c, clickElement {id=5D3E71E03DA68D2E9AB3FEF51808F2D0_element_79}]
Capabilities {acceptInsecureCerts: false, browserName: chrome, browserVersion: 114.0.5735.110, chrome: {chromedriverVersion: 113.0.5672.63 (0e1a4471d5ae..., userDataDir: C:\Program Files (x86)\scop...}, goog:chromeOptions: {debuggerAddress: localhost:64174}, networkConnectionEnabled: false, pageLoadStrategy: normal, platformName: WINDOWS, proxy: Proxy(), se:cdp: ws://localhost:64174/devtoo..., se:cdpVersion: 114.0.5735.110, setWindowRect: true, strictFileInteractability: false, timeouts: {implicit: 0, pageLoad: 300000, script: 30000}, unhandledPromptBehavior: dismiss and notify, webauthn:extension:credBlob: true, webauthn:extension:largeBlob: true, webauthn:extension:minPinLength: true, webauthn:extension:prf: true, webauthn:virtualAuthenticators: true}
Element: [[ChromeDriver: chrome on WINDOWS (0b713f9b2d1b0f63c7b82d812024105c)] -> xpath: //button[text()='Go']]
Session ID: 0b713f9b2d1b0f63c7b82d812024105c]]>
            </message>
            <full-stacktrace>
              <![CDATA[org.openqa.selenium.ElementClickInterceptedException: element click intercepted: Element <button class="ctaText baseBtn track-store-locator" type="submit" data-href="https://www.asianpaints.com/store-locator.html">...</button> is not clickable at point (1197, 531). Other element would receive the click: <span class="helpButtonLabel" aria-live="polite" aria-atomic="true">...</span>
  (Session info: chrome=114.0.5735.110)
Build info: version: '4.9.0', revision: 'd7057100a6'
System info: os.name: 'Windows 11', os.arch: 'amd64', os.version: '10.0', java.version: '17.0.7'
Driver info: org.openqa.selenium.chrome.ChromeDriver
Command: [0b713f9b2d1b0f63c7b82d812024105c, clickElement {id=5D3E71E03DA68D2E9AB3FEF51808F2D0_element_79}]
Capabilities {acceptInsecureCerts: false, browserName: chrome, browserVersion: 114.0.5735.110, chrome: {chromedriverVersion: 113.0.5672.63 (0e1a4471d5ae..., userDataDir: C:\Program Files (x86)\scop...}, goog:chromeOptions: {debuggerAddress: localhost:64174}, networkConnectionEnabled: false, pageLoadStrategy: normal, platformName: WINDOWS, proxy: Proxy(), se:cdp: ws://localhost:64174/devtoo..., se:cdpVersion: 114.0.5735.110, setWindowRect: true, strictFileInteractability: false, timeouts: {implicit: 0, pageLoad: 300000, script: 30000}, unhandledPromptBehavior: dismiss and notify, webauthn:extension:credBlob: true, webauthn:extension:largeBlob: true, webauthn:extension:minPinLength: true, webauthn:extension:prf: true, webauthn:virtualAuthenticators: true}
Element: [[ChromeDriver: chrome on WINDOWS (0b713f9b2d1b0f63c7b82d812024105c)] -> xpath: //button[text()='Go']]
Session ID: 0b713f9b2d1b0f63c7b82d812024105c
at java.base/jdk.internal.reflect.NativeConstructorAccessorImpl.newInstance0(Native Method)
at java.base/jdk.internal.reflect.NativeConstructorAccessorImpl.newInstance(NativeConstructorAccessorImpl.java:77)
at java.base/jdk.internal.reflect.DelegatingConstructorAccessorImpl.newInstance(DelegatingConstructorAccessorImpl.java:45)
at java.base/java.lang.reflect.Constructor.newInstanceWithCaller(Constructor.java:499)
at java.base/java.lang.reflect.Constructor.newInstance(Constructor.java:480)
at org.openqa.selenium.remote.codec.w3c.W3CHttpResponseCodec.createException(W3CHttpResponseCodec.java:200)
at org.openqa.selenium.remote.codec.w3c.W3CHttpResponseCodec.decode(W3CHttpResponseCodec.java:133)
at org.openqa.selenium.remote.codec.w3c.W3CHttpResponseCodec.decode(W3CHttpResponseCodec.java:53)
at org.openqa.selenium.remote.HttpCommandExecutor.execute(HttpCommandExecutor.java:193)
at org.openqa.selenium.remote.service.DriverCommandExecutor.invokeExecute(DriverCommandExecutor.java:183)
at org.openqa.selenium.remote.service.DriverCommandExecutor.execute(DriverCommandExecutor.java:158)
at org.openqa.selenium.remote.RemoteWebDriver.execute(RemoteWebDriver.java:543)
at org.openqa.selenium.remote.RemoteWebElement.execute(RemoteWebElement.java:257)
at org.openqa.selenium.remote.RemoteWebElement.click(RemoteWebElement.java:78)
at jdk.internal.reflect.GeneratedMethodAccessor44.invoke(Unknown Source)
at java.base/jdk.internal.reflect.DelegatingMethodAccessorImpl.invoke(DelegatingMethodAccessorImpl.java:43)
at java.base/java.lang.reflect.Method.invoke(Method.java:568)
at org.openqa.selenium.support.pagefactory.internal.LocatingElementHandler.invoke(LocatingElementHandler.java:52)
at jdk.proxy2/jdk.proxy2.$Proxy26.click(Unknown Source)
at com.pages.ProductListPage.goButtonValidation(ProductListPage.java:69)
at listpage2_stepdefinitions.ProductListPage_stepdefinitions2.user_clicks_on_go_button(ProductListPage_stepdefinitions2.java:102)
at ✽.User clicks on Go button(file:///C:/Users/gannayak/asian/AsianPaints_SearchAndProductListPage_Ganesh/src/test/resources/features/ListPage2.feature:21)
]]>
            </full-stacktrace>
          </exception> <!-- org.openqa.selenium.ElementClickInterceptedException -->
          <reporter-output>
          </reporter-output>
        </test-method> <!-- runScenario -->
        <test-method is-config="true" signature="tearDownClass()[pri:0, instance:testrunner.TestRunner_ProductListPage2@7205765b]" started-at="2023-06-08T15:38:06 IST" name="tearDownClass" finished-at="2023-06-08T15:38:06 IST" duration-ms="32" status="PASS">
          <reporter-output>
          </reporter-output>
        </test-method> <!-- tearDownClass -->
      </class> <!-- testrunner.TestRunner_ProductListPage2 -->
      <class name="testrunner.TestRunner_ProductListPage_excel">
        <test-method is-config="true" signature="setUpClass(org.testng.ITestContext)[pri:0, instance:testrunner.TestRunner_ProductListPage_excel@47987356]" started-at="2023-06-08T15:38:06 IST" name="setUpClass" finished-at="2023-06-08T15:38:06 IST" duration-ms="19" status="PASS">
          <params>
            <param index="0">
              <value>
                <![CDATA[org.testng.TestRunner@71eafb64]]>
              </value>
            </param>
          </params>
          <reporter-output>
          </reporter-output>
        </test-method> <!-- setUpClass -->
        <test-method signature="runScenario(io.cucumber.testng.PickleWrapper,io.cucumber.testng.FeatureWrapper)[pri:0, instance:testrunner.TestRunner_ProductListPage_excel@47987356]" started-at="2023-06-08T15:38:06 IST" name="runScenario" description="Runs Cucumber Scenarios" data-provider="scenarios" finished-at="2023-06-08T15:39:42 IST" duration-ms="95383" status="PASS">
          <params>
            <param index="0">
              <value>
                <![CDATA["Verify Find a store functionality with valid details"]]>
              </value>
            </param>
            <param index="1">
              <value>
                <![CDATA["Asian Paints Product List page"]]>
              </value>
            </param>
          </params>
          <reporter-output>
          </reporter-output>
        </test-method> <!-- runScenario -->
        <test-method signature="runScenario(io.cucumber.testng.PickleWrapper,io.cucumber.testng.FeatureWrapper)[pri:0, instance:testrunner.TestRunner_ProductListPage_excel@47987356]" started-at="2023-06-08T15:39:42 IST" name="runScenario" description="Runs Cucumber Scenarios" data-provider="scenarios" finished-at="2023-06-08T15:41:16 IST" duration-ms="94106" status="PASS">
          <params>
            <param index="0">
              <value>
                <![CDATA["Verify Find a store functionality with valid details"]]>
              </value>
            </param>
            <param index="1">
              <value>
                <![CDATA["Asian Paints Product List page"]]>
              </value>
            </param>
          </params>
          <reporter-output>
          </reporter-output>
        </test-method> <!-- runScenario -->
        <test-method is-config="true" signature="tearDownClass()[pri:0, instance:testrunner.TestRunner_ProductListPage_excel@47987356]" started-at="2023-06-08T15:41:16 IST" name="tearDownClass" finished-at="2023-06-08T15:41:16 IST" duration-ms="21" status="PASS">
          <reporter-output>
          </reporter-output>
        </test-method> <!-- tearDownClass -->
      </class> <!-- testrunner.TestRunner_ProductListPage_excel -->
    </test> <!-- Test -->
  </suite> <!-- Suite -->
</testng-results>
