<?xml version="1.0" encoding="UTF-8"?>
<!-- Generated by org.testng.reporters.JUnitReportReporter -->
<testsuite hostname="LIN41005541" failures="0" tests="3" name="testrunner.TestRunner_ProductListPage1" time="56.301" errors="1" timestamp="2023-06-08T17:23:00 IST" skipped="0">
  <testcase classname="testrunner.TestRunner_ProductListPage1" name="runScenario" time="22.643">
    <error message="element click intercepted: Element &lt;span&gt;...&lt;/span&gt; is not clickable at point (951, 196). Other element would receive the click: &lt;iframe name=&quot;preview-notification-frame&quot; class=&quot;st_preview_frame_modal&quot; id=&quot;preview-notification-frame&quot; marginheight=&quot;0&quot; marginwidth=&quot;0&quot; style=&quot;display:block;z-index:16776272;position:fixed;visibility:visible;max-width:100%;min-width:auto;height:100%;top:0px;width:100%;&quot; frameborder=&quot;0&quot; scrolling=&quot;no&quot;&gt;&lt;/iframe&gt;
  (Session info: chrome=114.0.5735.110)
Build info: version: &#039;4.9.0&#039;, revision: &#039;d7057100a6&#039;
System info: os.name: &#039;Windows 11&#039;, os.arch: &#039;amd64&#039;, os.version: &#039;10.0&#039;, java.version: &#039;17.0.7&#039;
Driver info: org.openqa.selenium.chrome.ChromeDriver
Command: [dd555e974ab655a6ed762d37299108d4, clickElement {id=E5188EEC49264518C626C2A2A3C066B2_element_102}]
Capabilities {acceptInsecureCerts: false, browserName: chrome, browserVersion: 114.0.5735.110, chrome: {chromedriverVersion: 113.0.5672.63 (0e1a4471d5ae..., userDataDir: C:\Program Files (x86)\scop...}, goog:chromeOptions: {debuggerAddress: localhost:56090}, networkConnectionEnabled: false, pageLoadStrategy: normal, platformName: WINDOWS, proxy: Proxy(), se:cdp: ws://localhost:56090/devtoo..., se:cdpVersion: 114.0.5735.110, setWindowRect: true, strictFileInteractability: false, timeouts: {implicit: 0, pageLoad: 300000, script: 30000}, unhandledPromptBehavior: dismiss and notify, webauthn:extension:credBlob: true, webauthn:extension:largeBlob: true, webauthn:extension:minPinLength: true, webauthn:extension:prf: true, webauthn:virtualAuthenticators: true}
Element: [[ChromeDriver: chrome on WINDOWS (dd555e974ab655a6ed762d37299108d4)] -&gt; xpath: //*[text()=&#039;FILTER BY&#039;]]
Session ID: dd555e974ab655a6ed762d37299108d4" type="org.openqa.selenium.ElementClickInterceptedException">
      <![CDATA[org.openqa.selenium.ElementClickInterceptedException: element click intercepted: Element <span>...</span> is not clickable at point (951, 196). Other element would receive the click: <iframe name="preview-notification-frame" class="st_preview_frame_modal" id="preview-notification-frame" marginheight="0" marginwidth="0" style="display:block;z-index:16776272;position:fixed;visibility:visible;max-width:100%;min-width:auto;height:100%;top:0px;width:100%;" frameborder="0" scrolling="no"></iframe>
  (Session info: chrome=114.0.5735.110)
Build info: version: '4.9.0', revision: 'd7057100a6'
System info: os.name: 'Windows 11', os.arch: 'amd64', os.version: '10.0', java.version: '17.0.7'
Driver info: org.openqa.selenium.chrome.ChromeDriver
Command: [dd555e974ab655a6ed762d37299108d4, clickElement {id=E5188EEC49264518C626C2A2A3C066B2_element_102}]
Capabilities {acceptInsecureCerts: false, browserName: chrome, browserVersion: 114.0.5735.110, chrome: {chromedriverVersion: 113.0.5672.63 (0e1a4471d5ae..., userDataDir: C:\Program Files (x86)\scop...}, goog:chromeOptions: {debuggerAddress: localhost:56090}, networkConnectionEnabled: false, pageLoadStrategy: normal, platformName: WINDOWS, proxy: Proxy(), se:cdp: ws://localhost:56090/devtoo..., se:cdpVersion: 114.0.5735.110, setWindowRect: true, strictFileInteractability: false, timeouts: {implicit: 0, pageLoad: 300000, script: 30000}, unhandledPromptBehavior: dismiss and notify, webauthn:extension:credBlob: true, webauthn:extension:largeBlob: true, webauthn:extension:minPinLength: true, webauthn:extension:prf: true, webauthn:virtualAuthenticators: true}
Element: [[ChromeDriver: chrome on WINDOWS (dd555e974ab655a6ed762d37299108d4)] -> xpath: //*[text()='FILTER BY']]
Session ID: dd555e974ab655a6ed762d37299108d4
at java.base/jdk.internal.reflect.NativeConstructorAccessorImpl.newInstance0(Native Method)
at java.base/jdk.internal.reflect.NativeConstructorAccessorImpl.newInstance(NativeConstructorAccessorImpl.java:77)
at java.base/jdk.internal.reflect.DelegatingConstructorAccessorImpl.newInstance(DelegatingConstructorAccessorImpl.java:45)
at java.base/java.lang.reflect.Constructor.newInstanceWithCaller(Constructor.java:499)
at java.base/java.lang.reflect.Constructor.newInstance(Constructor.java:480)
at org.openqa.selenium.remote.codec.w3c.W3CHttpResponseCodec.createException(W3CHttpResponseCodec.java:200)
at org.openqa.selenium.remote.codec.w3c.W3CHttpResponseCodec.decode(W3CHttpResponseCodec.java:133)
at org.openqa.selenium.remote.codec.w3c.W3CHttpResponseCodec.decode(W3CHttpResponseCodec.java:53)
at org.openqa.selenium.remote.HttpCommandExecutor.execute(HttpCommandExecutor.java:193)
at org.openqa.selenium.remote.service.DriverCommandExecutor.invokeExecute(DriverCommandExecutor.java:183)
at org.openqa.selenium.remote.service.DriverCommandExecutor.execute(DriverCommandExecutor.java:158)
at org.openqa.selenium.remote.RemoteWebDriver.execute(RemoteWebDriver.java:543)
at org.openqa.selenium.remote.RemoteWebElement.execute(RemoteWebElement.java:257)
at org.openqa.selenium.remote.RemoteWebElement.click(RemoteWebElement.java:78)
at java.base/jdk.internal.reflect.NativeMethodAccessorImpl.invoke0(Native Method)
at java.base/jdk.internal.reflect.NativeMethodAccessorImpl.invoke(NativeMethodAccessorImpl.java:77)
at java.base/jdk.internal.reflect.DelegatingMethodAccessorImpl.invoke(DelegatingMethodAccessorImpl.java:43)
at java.base/java.lang.reflect.Method.invoke(Method.java:568)
at org.openqa.selenium.support.pagefactory.internal.LocatingElementHandler.invoke(LocatingElementHandler.java:52)
at jdk.proxy2/jdk.proxy2.$Proxy29.click(Unknown Source)
at com.pages.ProductListPage.filterByValidation(ProductListPage.java:44)
at listpage1_stepdefinitions.ProductListPage_stepdefinitions1.user_clicks_on_filter_by_field(ProductListPage_stepdefinitions1.java:120)
at âœ½.User clicks on Filter By field(file:///C:/Users/gannayak/asian/AsianPaints_SearchAndProductListPage_Ganesh/src/test/resources/features/ListPage1.feature:18)
]]>
    </error>
  </testcase> <!-- runScenario -->
  <system-out/>
  <testcase classname="testrunner.TestRunner_ProductListPage1" name="runScenario" time="14.811"/>
  <system-out/>
  <testcase classname="testrunner.TestRunner_ProductListPage1" name="runScenario" time="18.847"/>
  <system-out/>
</testsuite> <!-- testrunner.TestRunner_ProductListPage1 -->
